{"/Users/mac/neocentra-bank/neocentra-bank-auth/src/components/login/LoginForm.tsx": {"path":"/Users/mac/neocentra-bank/neocentra-bank-auth/src/components/login/LoginForm.tsx","statementMap":{"0":{"start":{"line":6,"column":6},"end":{"line":9,"column":null}},"1":{"start":{"line":7,"column":8},"end":{"line":9,"column":null}},"2":{"start":{"line":8,"column":9},"end":{"line":8,"column":null}},"3":{"start":{"line":10,"column":6},"end":{"line":13,"column":null}},"4":{"start":{"line":11,"column":8},"end":{"line":13,"column":null}},"5":{"start":{"line":12,"column":9},"end":{"line":12,"column":null}},"6":{"start":{"line":16,"column":8},"end":{"line":16,"column":null}},"7":{"start":{"line":17,"column":19},"end":{"line":17,"column":null}},"8":{"start":{"line":18,"column":19},"end":{"line":18,"column":null}},"9":{"start":{"line":19,"column":16},"end":{"line":19,"column":null}},"10":{"start":{"line":20,"column":22},"end":{"line":20,"column":null}},"11":{"start":{"line":21,"column":18},"end":{"line":21,"column":null}},"12":{"start":{"line":23,"column":2},"end":{"line":29,"column":null}},"13":{"start":{"line":24,"column":4},"end":{"line":28,"column":null}},"14":{"start":{"line":25,"column":6},"end":{"line":27,"column":null}},"15":{"start":{"line":31,"column":8},"end":{"line":51,"column":null}},"16":{"start":{"line":32,"column":4},"end":{"line":32,"column":null}},"17":{"start":{"line":33,"column":4},"end":{"line":33,"column":null}},"18":{"start":{"line":34,"column":4},"end":{"line":34,"column":null}},"19":{"start":{"line":35,"column":4},"end":{"line":35,"column":null}},"20":{"start":{"line":37,"column":4},"end":{"line":50,"column":null}},"21":{"start":{"line":38,"column":6},"end":{"line":48,"column":null}},"22":{"start":{"line":39,"column":25},"end":{"line":43,"column":null}},"23":{"start":{"line":44,"column":8},"end":{"line":44,"column":null}},"24":{"start":{"line":45,"column":8},"end":{"line":45,"column":null}},"25":{"start":{"line":47,"column":8},"end":{"line":47,"column":null}},"26":{"start":{"line":49,"column":6},"end":{"line":49,"column":null}},"27":{"start":{"line":53,"column":2},"end":{"line":114,"column":null}},"28":{"start":{"line":90,"column":34},"end":{"line":90,"column":null}},"29":{"start":{"line":99,"column":34},"end":{"line":99,"column":null}}},"fnMap":{"0":{"name":"(anonymous_0)","decl":{"start":{"line":6,"column":15},"end":{"line":6,"column":null}},"loc":{"start":{"line":7,"column":8},"end":{"line":9,"column":null}},"line":7},"1":{"name":"(anonymous_1)","decl":{"start":{"line":8,"column":2},"end":{"line":8,"column":4}},"loc":{"start":{"line":8,"column":9},"end":{"line":8,"column":null}},"line":8},"2":{"name":"(anonymous_2)","decl":{"start":{"line":10,"column":14},"end":{"line":10,"column":null}},"loc":{"start":{"line":11,"column":8},"end":{"line":13,"column":null}},"line":11},"3":{"name":"(anonymous_3)","decl":{"start":{"line":12,"column":4},"end":{"line":12,"column":9}},"loc":{"start":{"line":12,"column":9},"end":{"line":12,"column":null}},"line":12},"4":{"name":"LoginForm","decl":{"start":{"line":15,"column":16},"end":{"line":15,"column":28}},"loc":{"start":{"line":15,"column":28},"end":{"line":116,"column":null}},"line":15},"5":{"name":"(anonymous_5)","decl":{"start":{"line":23,"column":2},"end":{"line":23,"column":18}},"loc":{"start":{"line":23,"column":18},"end":{"line":29,"column":5}},"line":23},"6":{"name":"(anonymous_6)","decl":{"start":{"line":31,"column":8},"end":{"line":31,"column":23}},"loc":{"start":{"line":31,"column":46},"end":{"line":51,"column":null}},"line":31},"7":{"name":"(anonymous_7)","decl":{"start":{"line":37,"column":4},"end":{"line":37,"column":21}},"loc":{"start":{"line":37,"column":21},"end":{"line":50,"column":7}},"line":37},"8":{"name":"(anonymous_8)","decl":{"start":{"line":90,"column":12},"end":{"line":90,"column":23}},"loc":{"start":{"line":90,"column":34},"end":{"line":90,"column":null}},"line":90},"9":{"name":"(anonymous_9)","decl":{"start":{"line":99,"column":12},"end":{"line":99,"column":23}},"loc":{"start":{"line":99,"column":34},"end":{"line":99,"column":null}},"line":99}},"branchMap":{"0":{"loc":{"start":{"line":24,"column":4},"end":{"line":28,"column":null}},"type":"if","locations":[{"start":{"line":24,"column":4},"end":{"line":28,"column":null}},{"start":{},"end":{}}],"line":24},"1":{"loc":{"start":{"line":38,"column":6},"end":{"line":48,"column":null}},"type":"if","locations":[{"start":{"line":38,"column":6},"end":{"line":48,"column":null}},{"start":{"line":46,"column":13},"end":{"line":48,"column":null}}],"line":38},"2":{"loc":{"start":{"line":38,"column":10},"end":{"line":38,"column":59}},"type":"binary-expr","locations":[{"start":{"line":38,"column":10},"end":{"line":38,"column":34}},{"start":{"line":38,"column":34},"end":{"line":38,"column":59}}],"line":38},"3":{"loc":{"start":{"line":75,"column":11},"end":{"line":78,"column":null}},"type":"binary-expr","locations":[{"start":{"line":75,"column":11},"end":{"line":75,"column":null}},{"start":{"line":76,"column":12},"end":{"line":78,"column":null}}],"line":75},"4":{"loc":{"start":{"line":81,"column":11},"end":{"line":84,"column":null}},"type":"binary-expr","locations":[{"start":{"line":81,"column":11},"end":{"line":81,"column":null}},{"start":{"line":82,"column":12},"end":{"line":84,"column":null}}],"line":81},"5":{"loc":{"start":{"line":105,"column":13},"end":{"line":105,"column":null}},"type":"cond-expr","locations":[{"start":{"line":105,"column":23},"end":{"line":105,"column":55}},{"start":{"line":105,"column":55},"end":{"line":105,"column":null}}],"line":105}},"s":{"0":1,"1":1,"2":1,"3":1,"4":1,"5":1,"6":9,"7":9,"8":9,"9":9,"10":9,"11":9,"12":9,"13":3,"14":0,"15":9,"16":2,"17":2,"18":2,"19":2,"20":2,"21":2,"22":1,"23":1,"24":1,"25":1,"26":2,"27":9,"28":1,"29":1},"f":{"0":1,"1":1,"2":1,"3":1,"4":9,"5":3,"6":2,"7":2,"8":1,"9":1},"b":{"0":[0,3],"1":[1,1],"2":[2,1],"3":[9,0],"4":[9,1],"5":[2,7]},"meta":{"lastBranch":6,"lastFunction":10,"lastStatement":30,"seen":{"s:6:6:9:Infinity":0,"f:6:15:6:Infinity":0,"s:7:8:9:Infinity":1,"f:8:2:8:4":1,"s:8:9:8:Infinity":2,"s:10:6:13:Infinity":3,"f:10:14:10:Infinity":2,"s:11:8:13:Infinity":4,"f:12:4:12:9":3,"s:12:9:12:Infinity":5,"f:15:16:15:28":4,"s:16:8:16:Infinity":6,"s:17:19:17:Infinity":7,"s:18:19:18:Infinity":8,"s:19:16:19:Infinity":9,"s:20:22:20:Infinity":10,"s:21:18:21:Infinity":11,"s:23:2:29:Infinity":12,"f:23:2:23:18":5,"b:24:4:28:Infinity:undefined:undefined:undefined:undefined":0,"s:24:4:28:Infinity":13,"s:25:6:27:Infinity":14,"s:31:8:51:Infinity":15,"f:31:8:31:23":6,"s:32:4:32:Infinity":16,"s:33:4:33:Infinity":17,"s:34:4:34:Infinity":18,"s:35:4:35:Infinity":19,"s:37:4:50:Infinity":20,"f:37:4:37:21":7,"b:38:6:48:Infinity:46:13:48:Infinity":1,"s:38:6:48:Infinity":21,"b:38:10:38:34:38:34:38:59":2,"s:39:25:43:Infinity":22,"s:44:8:44:Infinity":23,"s:45:8:45:Infinity":24,"s:47:8:47:Infinity":25,"s:49:6:49:Infinity":26,"s:53:2:114:Infinity":27,"b:75:11:75:Infinity:76:12:78:Infinity":3,"b:81:11:81:Infinity:82:12:84:Infinity":4,"f:90:12:90:23":8,"s:90:34:90:Infinity":28,"f:99:12:99:23":9,"s:99:34:99:Infinity":29,"b:105:23:105:55:105:55:105:Infinity":5},"fnNames":{}}}
,"/Users/mac/neocentra-bank/neocentra-bank-auth/src/components/login/LoginFormStandalone.tsx": {"path":"/Users/mac/neocentra-bank/neocentra-bank-auth/src/components/login/LoginFormStandalone.tsx","statementMap":{"0":{"start":{"line":6,"column":18},"end":{"line":10,"column":null}},"1":{"start":{"line":12,"column":2},"end":{"line":21,"column":null}},"2":{"start":{"line":13,"column":4},"end":{"line":19,"column":null}},"3":{"start":{"line":23,"column":2},"end":{"line":29,"column":null}},"4":{"start":{"line":24,"column":4},"end":{"line":27,"column":null}},"5":{"start":{"line":31,"column":2},"end":{"line":31,"column":null}}},"fnMap":{"0":{"name":"LoginFormStandalone","decl":{"start":{"line":5,"column":24},"end":{"line":5,"column":46}},"loc":{"start":{"line":5,"column":46},"end":{"line":32,"column":null}},"line":5}},"branchMap":{"0":{"loc":{"start":{"line":7,"column":4},"end":{"line":7,"column":null}},"type":"binary-expr","locations":[{"start":{"line":7,"column":4},"end":{"line":7,"column":49}},{"start":{"line":7,"column":49},"end":{"line":7,"column":null}}],"line":7},"1":{"loc":{"start":{"line":12,"column":2},"end":{"line":21,"column":null}},"type":"if","locations":[{"start":{"line":12,"column":2},"end":{"line":21,"column":null}},{"start":{},"end":{}}],"line":12},"2":{"loc":{"start":{"line":23,"column":2},"end":{"line":29,"column":null}},"type":"if","locations":[{"start":{"line":23,"column":2},"end":{"line":29,"column":null}},{"start":{},"end":{}}],"line":23}},"s":{"0":3,"1":3,"2":1,"3":2,"4":1,"5":1},"f":{"0":3},"b":{"0":[3,3],"1":[1,2],"2":[1,1]},"meta":{"lastBranch":3,"lastFunction":1,"lastStatement":6,"seen":{"f:5:24:5:46":0,"s:6:18:10:Infinity":0,"b:7:4:7:49:7:49:7:Infinity":0,"b:12:2:21:Infinity:undefined:undefined:undefined:undefined":1,"s:12:2:21:Infinity":1,"s:13:4:19:Infinity":2,"b:23:2:29:Infinity:undefined:undefined:undefined:undefined":2,"s:23:2:29:Infinity":3,"s:24:4:27:Infinity":4,"s:31:2:31:Infinity":5},"fnNames":{}}}
,"/Users/mac/neocentra-bank/neocentra-bank-auth/src/components/otp/OtpFormStandalone.tsx": {"path":"/Users/mac/neocentra-bank/neocentra-bank-auth/src/components/otp/OtpFormStandalone.tsx","statementMap":{"0":{"start":{"line":6,"column":18},"end":{"line":10,"column":null}},"1":{"start":{"line":12,"column":2},"end":{"line":21,"column":null}},"2":{"start":{"line":13,"column":4},"end":{"line":19,"column":null}},"3":{"start":{"line":23,"column":2},"end":{"line":29,"column":null}},"4":{"start":{"line":24,"column":4},"end":{"line":27,"column":null}},"5":{"start":{"line":31,"column":2},"end":{"line":31,"column":null}}},"fnMap":{"0":{"name":"OtpFormStandalone","decl":{"start":{"line":5,"column":24},"end":{"line":5,"column":44}},"loc":{"start":{"line":5,"column":44},"end":{"line":32,"column":null}},"line":5}},"branchMap":{"0":{"loc":{"start":{"line":7,"column":4},"end":{"line":7,"column":null}},"type":"binary-expr","locations":[{"start":{"line":7,"column":4},"end":{"line":7,"column":49}},{"start":{"line":7,"column":49},"end":{"line":7,"column":null}}],"line":7},"1":{"loc":{"start":{"line":12,"column":2},"end":{"line":21,"column":null}},"type":"if","locations":[{"start":{"line":12,"column":2},"end":{"line":21,"column":null}},{"start":{},"end":{}}],"line":12},"2":{"loc":{"start":{"line":23,"column":2},"end":{"line":29,"column":null}},"type":"if","locations":[{"start":{"line":23,"column":2},"end":{"line":29,"column":null}},{"start":{},"end":{}}],"line":23}},"s":{"0":3,"1":3,"2":1,"3":2,"4":1,"5":1},"f":{"0":3},"b":{"0":[3,3],"1":[1,2],"2":[1,1]},"meta":{"lastBranch":3,"lastFunction":1,"lastStatement":6,"seen":{"f:5:24:5:44":0,"s:6:18:10:Infinity":0,"b:7:4:7:49:7:49:7:Infinity":0,"b:12:2:21:Infinity:undefined:undefined:undefined:undefined":1,"s:12:2:21:Infinity":1,"s:13:4:19:Infinity":2,"b:23:2:29:Infinity:undefined:undefined:undefined:undefined":2,"s:23:2:29:Infinity":3,"s:24:4:27:Infinity":4,"s:31:2:31:Infinity":5},"fnNames":{}}}
}
